D:\CODE\KO2D\BUILD\WINDOWS\KO2D\DEBUG\3DMATH.OBJ
D:\CODE\KO2D\BUILD\WINDOWS\KO2D\DEBUG\APPLICATION.OBJ
D:\CODE\KO2D\BUILD\WINDOWS\KO2D\DEBUG\CAMERA.OBJ
D:\code\KO2D\Build\Windows\Ko2D\Debug\cl.command.1.tlog
D:\code\KO2D\Build\Windows\Ko2D\Debug\CL.read.1.tlog
D:\code\KO2D\Build\Windows\Ko2D\Debug\CL.write.1.tlog
D:\CODE\KO2D\BUILD\WINDOWS\KO2D\DEBUG\FILESYSTEM.OBJ
D:\CODE\KO2D\BUILD\WINDOWS\KO2D\DEBUG\GRAPHIC.OBJ
D:\CODE\KO2D\BUILD\WINDOWS\KO2D\DEBUG\INPUT.OBJ
D:\CODE\KO2D\BUILD\WINDOWS\KO2D\DEBUG\KO2D.EXE
D:\CODE\KO2D\BUILD\WINDOWS\KO2D\DEBUG\KO2D.EXE.EMBED.MANIFEST
D:\CODE\KO2D\BUILD\WINDOWS\KO2D\DEBUG\KO2D.EXE.EMBED.MANIFEST.RES
D:\CODE\KO2D\BUILD\WINDOWS\KO2D\DEBUG\KO2D.EXE.INTERMEDIATE.MANIFEST
D:\CODE\KO2D\BUILD\WINDOWS\KO2D\DEBUG\KO2D.ILK
D:\CODE\KO2D\BUILD\WINDOWS\KO2D\DEBUG\KO2D.PDB
D:\code\KO2D\Build\Windows\Ko2D\Debug\Ko2D_manifest.rc
D:\code\KO2D\Build\Windows\Ko2D\Debug\link.1924.read.1.tlog
D:\code\KO2D\Build\Windows\Ko2D\Debug\link.1924.write.1.tlog
D:\code\KO2D\Build\Windows\Ko2D\Debug\link.1924-cvtres.read.1.tlog
D:\code\KO2D\Build\Windows\Ko2D\Debug\link.1924-cvtres.write.1.tlog
D:\code\KO2D\Build\Windows\Ko2D\Debug\link.command.1.tlog
D:\code\KO2D\Build\Windows\Ko2D\Debug\link.read.1.tlog
D:\code\KO2D\Build\Windows\Ko2D\Debug\link.write.1.tlog
D:\code\KO2D\Build\Windows\Ko2D\Debug\link-cvtres.read.1.tlog
D:\code\KO2D\Build\Windows\Ko2D\Debug\link-cvtres.write.1.tlog
D:\CODE\KO2D\BUILD\WINDOWS\KO2D\DEBUG\MODEL.OBJ
D:\code\KO2D\Build\Windows\Ko2D\Debug\mt.command.1.tlog
D:\code\KO2D\Build\Windows\Ko2D\Debug\mt.read.1.tlog
D:\code\KO2D\Build\Windows\Ko2D\Debug\mt.write.1.tlog
D:\CODE\KO2D\BUILD\WINDOWS\KO2D\DEBUG\OBJECTS.OBJ
D:\CODE\KO2D\BUILD\WINDOWS\KO2D\DEBUG\PARTICLE.OBJ
D:\CODE\KO2D\BUILD\WINDOWS\KO2D\DEBUG\PARTICLESYSTEM.OBJ
D:\code\KO2D\Build\Windows\Ko2D\Debug\rc.command.1.tlog
D:\code\KO2D\Build\Windows\Ko2D\Debug\rc.read.1.tlog
D:\code\KO2D\Build\Windows\Ko2D\Debug\rc.write.1.tlog
D:\CODE\KO2D\BUILD\WINDOWS\KO2D\DEBUG\RESOURCESMANAGER.OBJ
D:\CODE\KO2D\BUILD\WINDOWS\KO2D\DEBUG\SHADERS.OBJ
D:\CODE\KO2D\BUILD\WINDOWS\KO2D\DEBUG\STATEMANAGER.OBJ
D:\CODE\KO2D\BUILD\WINDOWS\KO2D\DEBUG\TEXTURE.OBJ
D:\CODE\KO2D\BUILD\WINDOWS\KO2D\DEBUG\TGA.OBJ
D:\code\KO2D\Build\Windows\Ko2D\Debug\vc100.idb
D:\CODE\KO2D\BUILD\WINDOWS\KO2D\DEBUG\VC100.PDB
D:\CODE\KO2D\BUILD\WINDOWS\KO2D\DEBUG\WINAPP.OBJ
